<?xml version="1.0" encoding="UTF-8"?>
<!-- Generated by org.testng.reporters.JUnitReportReporter -->
<testsuite hostname="shahwar" failures="0" tests="1" name="com.hameed.Java_calculator.SampleSeleniumTest" time="6.871" errors="0" timestamp="2020-01-06T21:19:19 AEDT" skipped="0">
  <testcase classname="com.hameed.Java_calculator.SampleSeleniumTest" name="validateGoogleId" time="6.871"/>
  <system-out/>
</testsuite> <!-- com.hameed.Java_calculator.SampleSeleniumTest -->
